This is pdfTeX, Version 3.141592653-2.6-1.40.28 (TeX Live 2025) (preloaded format=pdflatex 2025.9.8)  11 SEP 2025 18:20
entering extended mode
 restricted \write18 enabled.
 %&-line parsing enabled.
**bothregions.tex
(./bothregions.tex
LaTeX2e <2025-06-01> patch level 1
L3 programming layer <2025-08-13>
(c:/Users/abigail.tyrell/AppData/Roaming/TinyTeX/texmf-dist/tex/latex/base/article.cls
Document Class: article 2025/01/22 v1.4n Standard LaTeX document class
(c:/Users/abigail.tyrell/AppData/Roaming/TinyTeX/texmf-dist/tex/latex/base/size10.clo
File: size10.clo 2025/01/22 v1.4n Standard LaTeX file (size option)
)
\c@part=\count275
\c@section=\count276
\c@subsection=\count277
\c@subsubsection=\count278
\c@paragraph=\count279
\c@subparagraph=\count280
\c@figure=\count281
\c@table=\count282
\abovecaptionskip=\skip49
\belowcaptionskip=\skip50
\bibindent=\dimen148
) (c:/Users/abigail.tyrell/AppData/Roaming/TinyTeX/texmf-dist/tex/latex/amsmath/amsmath.sty
Package: amsmath 2025/06/16 v2.17y AMS math features
\@mathmargin=\skip51
For additional information on amsmath, use the `?' option.
(c:/Users/abigail.tyrell/AppData/Roaming/TinyTeX/texmf-dist/tex/latex/amsmath/amstext.sty
Package: amstext 2024/11/17 v2.01 AMS text
(c:/Users/abigail.tyrell/AppData/Roaming/TinyTeX/texmf-dist/tex/latex/amsmath/amsgen.sty
File: amsgen.sty 1999/11/30 v2.0 generic functions
\@emptytoks=\toks17
\ex@=\dimen149
)) (c:/Users/abigail.tyrell/AppData/Roaming/TinyTeX/texmf-dist/tex/latex/amsmath/amsbsy.sty
Package: amsbsy 1999/11/29 v1.2d Bold Symbols
\pmbraise@=\dimen150
) (c:/Users/abigail.tyrell/AppData/Roaming/TinyTeX/texmf-dist/tex/latex/amsmath/amsopn.sty
Package: amsopn 2022/04/08 v2.04 operator names
)
\inf@bad=\count283
LaTeX Info: Redefining \frac on input line 233.
\uproot@=\count284
\leftroot@=\count285
LaTeX Info: Redefining \overline on input line 398.
LaTeX Info: Redefining \colon on input line 409.
\classnum@=\count286
\DOTSCASE@=\count287
LaTeX Info: Redefining \ldots on input line 495.
LaTeX Info: Redefining \dots on input line 498.
LaTeX Info: Redefining \cdots on input line 619.
\Mathstrutbox@=\box53
\strutbox@=\box54
LaTeX Info: Redefining \big on input line 721.
LaTeX Info: Redefining \Big on input line 722.
LaTeX Info: Redefining \bigg on input line 723.
LaTeX Info: Redefining \Bigg on input line 724.
\big@size=\dimen151
LaTeX Font Info:    Redeclaring font encoding OML on input line 742.
LaTeX Font Info:    Redeclaring font encoding OMS on input line 743.
\macc@depth=\count288
LaTeX Info: Redefining \bmod on input line 904.
LaTeX Info: Redefining \pmod on input line 909.
LaTeX Info: Redefining \smash on input line 939.
LaTeX Info: Redefining \relbar on input line 969.
LaTeX Info: Redefining \Relbar on input line 970.
\c@MaxMatrixCols=\count289
\dotsspace@=\muskip17
\c@parentequation=\count290
\dspbrk@lvl=\count291
\tag@help=\toks18
\row@=\count292
\column@=\count293
\maxfields@=\count294
\andhelp@=\toks19
\eqnshift@=\dimen152
\alignsep@=\dimen153
\tagshift@=\dimen154
\tagwidth@=\dimen155
\totwidth@=\dimen156
\lineht@=\dimen157
\@envbody=\toks20
\multlinegap=\skip52
\multlinetaggap=\skip53
\mathdisplay@stack=\toks21
LaTeX Info: Redefining \[ on input line 2949.
LaTeX Info: Redefining \] on input line 2950.
) (c:/Users/abigail.tyrell/AppData/Roaming/TinyTeX/texmf-dist/tex/latex/amsfonts/amssymb.sty
Package: amssymb 2013/01/14 v3.01 AMS font symbols
(c:/Users/abigail.tyrell/AppData/Roaming/TinyTeX/texmf-dist/tex/latex/amsfonts/amsfonts.sty
Package: amsfonts 2013/01/14 v3.01 Basic AMSFonts support
\symAMSa=\mathgroup4
\symAMSb=\mathgroup5
LaTeX Font Info:    Redeclaring math symbol \hbar on input line 98.
LaTeX Font Info:    Overwriting math alphabet `\mathfrak' in version `bold'
(Font)                  U/euf/m/n --> U/euf/b/n on input line 106.
)) (c:/Users/abigail.tyrell/AppData/Roaming/TinyTeX/texmf-dist/tex/generic/iftex/iftex.sty
Package: iftex 2024/12/12 v1.0g TeX engine tests
) (c:/Users/abigail.tyrell/AppData/Roaming/TinyTeX/texmf-dist/tex/latex/base/fontenc.sty
Package: fontenc 2024/12/21 v2.1c Standard LaTeX package
) (c:/Users/abigail.tyrell/AppData/Roaming/TinyTeX/texmf-dist/tex/latex/base/inputenc.sty
Package: inputenc 2024/02/08 v1.3d Input encoding file
\inpenc@prehook=\toks22
\inpenc@posthook=\toks23
) (c:/Users/abigail.tyrell/AppData/Roaming/TinyTeX/texmf-dist/tex/latex/base/textcomp.sty
Package: textcomp 2024/04/24 v2.1b Standard LaTeX package
) (c:/Users/abigail.tyrell/AppData/Roaming/TinyTeX/texmf-dist/tex/latex/lm/lmodern.sty
Package: lmodern 2015/05/01 v1.6.1 Latin Modern Fonts
LaTeX Font Info:    Overwriting symbol font `operators' in version `normal'
(Font)                  OT1/cmr/m/n --> OT1/lmr/m/n on input line 22.
LaTeX Font Info:    Overwriting symbol font `letters' in version `normal'
(Font)                  OML/cmm/m/it --> OML/lmm/m/it on input line 23.
LaTeX Font Info:    Overwriting symbol font `symbols' in version `normal'
(Font)                  OMS/cmsy/m/n --> OMS/lmsy/m/n on input line 24.
LaTeX Font Info:    Overwriting symbol font `largesymbols' in version `normal'
(Font)                  OMX/cmex/m/n --> OMX/lmex/m/n on input line 25.
LaTeX Font Info:    Overwriting symbol font `operators' in version `bold'
(Font)                  OT1/cmr/bx/n --> OT1/lmr/bx/n on input line 26.
LaTeX Font Info:    Overwriting symbol font `letters' in version `bold'
(Font)                  OML/cmm/b/it --> OML/lmm/b/it on input line 27.
LaTeX Font Info:    Overwriting symbol font `symbols' in version `bold'
(Font)                  OMS/cmsy/b/n --> OMS/lmsy/b/n on input line 28.
LaTeX Font Info:    Overwriting symbol font `largesymbols' in version `bold'
(Font)                  OMX/cmex/m/n --> OMX/lmex/m/n on input line 29.
LaTeX Font Info:    Overwriting math alphabet `\mathbf' in version `normal'
(Font)                  OT1/cmr/bx/n --> OT1/lmr/bx/n on input line 31.
LaTeX Font Info:    Overwriting math alphabet `\mathsf' in version `normal'
(Font)                  OT1/cmss/m/n --> OT1/lmss/m/n on input line 32.
LaTeX Font Info:    Overwriting math alphabet `\mathit' in version `normal'
(Font)                  OT1/cmr/m/it --> OT1/lmr/m/it on input line 33.
LaTeX Font Info:    Overwriting math alphabet `\mathtt' in version `normal'
(Font)                  OT1/cmtt/m/n --> OT1/lmtt/m/n on input line 34.
LaTeX Font Info:    Overwriting math alphabet `\mathbf' in version `bold'
(Font)                  OT1/cmr/bx/n --> OT1/lmr/bx/n on input line 35.
LaTeX Font Info:    Overwriting math alphabet `\mathsf' in version `bold'
(Font)                  OT1/cmss/bx/n --> OT1/lmss/bx/n on input line 36.
LaTeX Font Info:    Overwriting math alphabet `\mathit' in version `bold'
(Font)                  OT1/cmr/bx/it --> OT1/lmr/bx/it on input line 37.
LaTeX Font Info:    Overwriting math alphabet `\mathtt' in version `bold'
(Font)                  OT1/cmtt/m/n --> OT1/lmtt/m/n on input line 38.
) (c:/Users/abigail.tyrell/AppData/Roaming/TinyTeX/texmf-dist/tex/latex/upquote/upquote.sty
Package: upquote 2012/04/19 v1.3 upright-quote and grave-accent glyphs in verbatim
) (c:/Users/abigail.tyrell/AppData/Roaming/TinyTeX/texmf-dist/tex/latex/microtype/microtype.sty
Package: microtype 2025/07/09 v3.2b Micro-typographical refinements (RS)
(c:/Users/abigail.tyrell/AppData/Roaming/TinyTeX/texmf-dist/tex/latex/graphics/keyval.sty
Package: keyval 2022/05/29 v1.15 key=value parser (DPC)
\KV@toks@=\toks24
) (c:/Users/abigail.tyrell/AppData/Roaming/TinyTeX/texmf-dist/tex/latex/etoolbox/etoolbox.sty
Package: etoolbox 2025/02/11 v2.5l e-TeX tools for LaTeX (JAW)
\etb@tempcnta=\count295
)
\MT@toks=\toks25
\MT@tempbox=\box55
\MT@count=\count296
LaTeX Info: Redefining \noprotrusionifhmode on input line 1087.
LaTeX Info: Redefining \leftprotrusion on input line 1088.
\MT@prot@toks=\toks26
LaTeX Info: Redefining \rightprotrusion on input line 1107.
LaTeX Info: Redefining \textls on input line 1449.
\MT@outer@kern=\dimen158
LaTeX Info: Redefining \microtypecontext on input line 2053.
LaTeX Info: Redefining \textmicrotypecontext on input line 2070.
\MT@listname@count=\count297
(c:/Users/abigail.tyrell/AppData/Roaming/TinyTeX/texmf-dist/tex/latex/microtype/microtype-pdftex.def
File: microtype-pdftex.def 2025/07/09 v3.2b Definitions specific to pdftex (RS)
LaTeX Info: Redefining \lsstyle on input line 944.
LaTeX Info: Redefining \lslig on input line 944.
\MT@outer@space=\skip54
)
Package microtype Info: Loading configuration file microtype.cfg.
(c:/Users/abigail.tyrell/AppData/Roaming/TinyTeX/texmf-dist/tex/latex/microtype/microtype.cfg
File: microtype.cfg 2025/07/09 v3.2b microtype main configuration file (RS)
)
LaTeX Info: Redefining \microtypesetup on input line 3065.
) (c:/Users/abigail.tyrell/AppData/Roaming/TinyTeX/texmf-dist/tex/latex/parskip/parskip.sty
Package: parskip 2021-03-14 v2.0h non-zero parskip adjustments
(c:/Users/abigail.tyrell/AppData/Roaming/TinyTeX/texmf-dist/tex/latex/kvoptions/kvoptions.sty
Package: kvoptions 2022-06-15 v3.15 Key value format for package options (HO)
(c:/Users/abigail.tyrell/AppData/Roaming/TinyTeX/texmf-dist/tex/generic/ltxcmds/ltxcmds.sty
Package: ltxcmds 2023-12-04 v1.26 LaTeX kernel commands for general use (HO)
) (c:/Users/abigail.tyrell/AppData/Roaming/TinyTeX/texmf-dist/tex/latex/kvsetkeys/kvsetkeys.sty
Package: kvsetkeys 2022-10-05 v1.19 Key value parser (HO)
))) (c:/Users/abigail.tyrell/AppData/Roaming/TinyTeX/texmf-dist/tex/latex/xcolor/xcolor.sty
Package: xcolor 2024/09/29 v3.02 LaTeX color extensions (UK)
(c:/Users/abigail.tyrell/AppData/Roaming/TinyTeX/texmf-dist/tex/latex/graphics-cfg/color.cfg
File: color.cfg 2016/01/02 v1.6 sample color configuration
)
Package xcolor Info: Driver file: pdftex.def on input line 274.
(c:/Users/abigail.tyrell/AppData/Roaming/TinyTeX/texmf-dist/tex/latex/graphics-def/pdftex.def
File: pdftex.def 2024/04/13 v1.2c Graphics/color driver for pdftex
) (c:/Users/abigail.tyrell/AppData/Roaming/TinyTeX/texmf-dist/tex/latex/graphics/mathcolor.ltx)
Package xcolor Info: Model `cmy' substituted by `cmy0' on input line 1349.
Package xcolor Info: Model `hsb' substituted by `rgb' on input line 1353.
Package xcolor Info: Model `RGB' extended on input line 1365.
Package xcolor Info: Model `HTML' substituted by `rgb' on input line 1367.
Package xcolor Info: Model `Hsb' substituted by `hsb' on input line 1368.
Package xcolor Info: Model `tHsb' substituted by `hsb' on input line 1369.
Package xcolor Info: Model `HSB' substituted by `hsb' on input line 1370.
Package xcolor Info: Model `Gray' substituted by `gray' on input line 1371.
Package xcolor Info: Model `wave' substituted by `hsb' on input line 1372.
) (c:/Users/abigail.tyrell/AppData/Roaming/TinyTeX/texmf-dist/tex/latex/graphics/dvipsnam.def
File: dvipsnam.def 2016/06/17 v3.0m Driver-dependent file (DPC,SPQR)
) (c:/Users/abigail.tyrell/AppData/Roaming/TinyTeX/texmf-dist/tex/latex/xcolor/svgnam.def
File: svgnam.def 2024/09/29 v3.02 Predefined colors according to SVG 1.1 (UK)
) (c:/Users/abigail.tyrell/AppData/Roaming/TinyTeX/texmf-dist/tex/latex/xcolor/x11nam.def
File: x11nam.def 2024/09/29 v3.02 Predefined colors according to Unix/X11 (UK)
) (c:/Users/abigail.tyrell/AppData/Roaming/TinyTeX/texmf-dist/tex/latex/geometry/geometry.sty
Package: geometry 2020/01/02 v5.9 Page Geometry
(c:/Users/abigail.tyrell/AppData/Roaming/TinyTeX/texmf-dist/tex/generic/iftex/ifvtex.sty
Package: ifvtex 2019/10/25 v1.7 ifvtex legacy package. Use iftex instead.
)
\Gm@cnth=\count298
\Gm@cntv=\count299
\c@Gm@tempcnt=\count300
\Gm@bindingoffset=\dimen159
\Gm@wd@mp=\dimen160
\Gm@odd@mp=\dimen161
\Gm@even@mp=\dimen162
\Gm@layoutwidth=\dimen163
\Gm@layoutheight=\dimen164
\Gm@layouthoffset=\dimen165
\Gm@layoutvoffset=\dimen166
\Gm@dimlist=\toks27
) (c:/Users/abigail.tyrell/AppData/Roaming/TinyTeX/texmf-dist/tex/latex/tools/longtable.sty
Package: longtable 2024-12-18 v4.23 Multi-page Table package (DPC)
\LTleft=\skip55
\LTright=\skip56
\LTpre=\skip57
\LTpost=\skip58
\LTchunksize=\count301
\LTcapwidth=\dimen167
\LT@head=\box56
\LT@firsthead=\box57
\LT@foot=\box58
\LT@lastfoot=\box59
\LT@gbox=\box60
\LT@cols=\count302
\LT@rows=\count303
\c@LT@tables=\count304
\c@LT@chunks=\count305
\LT@p@ftn=\toks28
) (c:/Users/abigail.tyrell/AppData/Roaming/TinyTeX/texmf-dist/tex/latex/booktabs/booktabs.sty
Package: booktabs 2020/01/12 v1.61803398 Publication quality tables
\heavyrulewidth=\dimen168
\lightrulewidth=\dimen169
\cmidrulewidth=\dimen170
\belowrulesep=\dimen171
\belowbottomsep=\dimen172
\aboverulesep=\dimen173
\abovetopsep=\dimen174
\cmidrulesep=\dimen175
\cmidrulekern=\dimen176
\defaultaddspace=\dimen177
\@cmidla=\count306
\@cmidlb=\count307
\@aboverulesep=\dimen178
\@belowrulesep=\dimen179
\@thisruleclass=\count308
\@lastruleclass=\count309
\@thisrulewidth=\dimen180
) (c:/Users/abigail.tyrell/AppData/Roaming/TinyTeX/texmf-dist/tex/latex/tools/array.sty
Package: array 2025/06/08 v2.6j Tabular extension package (FMi)
\col@sep=\dimen181
\ar@mcellbox=\box61
\extrarowheight=\dimen182
\NC@list=\toks29
\extratabsurround=\skip59
\backup@length=\skip60
\ar@cellbox=\box62
) (c:/Users/abigail.tyrell/AppData/Roaming/TinyTeX/texmf-dist/tex/latex/tools/calc.sty
Package: calc 2025/03/01 v4.3b Infix arithmetic (KKT,FJ)
\calc@Acount=\count310
\calc@Bcount=\count311
\calc@Adimen=\dimen183
\calc@Bdimen=\dimen184
\calc@Askip=\skip61
\calc@Bskip=\skip62
LaTeX Info: Redefining \setlength on input line 86.
LaTeX Info: Redefining \addtolength on input line 87.
\calc@Ccount=\count312
\calc@Cskip=\skip63
) (c:/Users/abigail.tyrell/AppData/Roaming/TinyTeX/texmf-dist/tex/latex/mdwtools/footnote.sty
Package: footnote 1997/01/28 1.13 Save footnotes around boxes
\fn@notes=\box63
\fn@width=\dimen185
) (c:/Users/abigail.tyrell/AppData/Roaming/TinyTeX/texmf-dist/tex/latex/graphics/graphicx.sty
Package: graphicx 2024/12/31 v1.2e Enhanced LaTeX Graphics (DPC,SPQR)
(c:/Users/abigail.tyrell/AppData/Roaming/TinyTeX/texmf-dist/tex/latex/graphics/graphics.sty
Package: graphics 2024/08/06 v1.4g Standard LaTeX Graphics (DPC,SPQR)
(c:/Users/abigail.tyrell/AppData/Roaming/TinyTeX/texmf-dist/tex/latex/graphics/trig.sty
Package: trig 2023/12/02 v1.11 sin cos tan (DPC)
) (c:/Users/abigail.tyrell/AppData/Roaming/TinyTeX/texmf-dist/tex/latex/graphics-cfg/graphics.cfg
File: graphics.cfg 2016/06/04 v1.11 sample graphics configuration
)
Package graphics Info: Driver file: pdftex.def on input line 106.
)
\Gin@req@height=\dimen186
\Gin@req@width=\dimen187
)
\pandoc@box=\box64
(c:/Users/abigail.tyrell/AppData/Roaming/TinyTeX/texmf-dist/tex/latex/mathdesign/mathdesign.sty
Package: mathdesign 2013/08/29 v2.31 Math Design Project
(c:/Users/abigail.tyrell/AppData/Roaming/TinyTeX/texmf-dist/tex/latex/base/ifthen.sty
Package: ifthen 2024/03/16 v1.1e Standard LaTeX ifthen package (DPC)
)

Package mathdesign Warning: No font specified on input line 175.


Package mathdesign Warning: `urw-palatino' option not defined. on input line 177.

LaTeX Encoding Info:    Redeclaring text command \textcircled (encoding OMS) on input line 206.
(c:/Users/abigail.tyrell/AppData/Roaming/TinyTeX/texmf-dist/tex/latex/base/fontenc.sty
Package: fontenc 2024/12/21 v2.1c Standard LaTeX package
LaTeX Font Info:    Trying to load font information for T1+lmr on input line 116.
(c:/Users/abigail.tyrell/AppData/Roaming/TinyTeX/texmf-dist/tex/latex/lm/t1lmr.fd
File: t1lmr.fd 2015/05/01 v1.6.1 Font defs for Latin Modern
))) (c:/Users/abigail.tyrell/AppData/Roaming/TinyTeX/texmf-dist/tex/latex/base/fontenc.sty
Package: fontenc 2024/12/21 v2.1c Standard LaTeX package
) (c:/Users/abigail.tyrell/AppData/Roaming/TinyTeX/texmf-dist/tex/latex/accsupp/accsupp.sty
Package: accsupp 2019/12/05 v0.6 Accessibility support by marked content (HO)
(c:/Users/abigail.tyrell/AppData/Roaming/TinyTeX/texmf-dist/tex/generic/pdfescape/pdfescape.sty
Package: pdfescape 2019/12/09 v1.15 Implements pdfTeX's escape features (HO)
(c:/Users/abigail.tyrell/AppData/Roaming/TinyTeX/texmf-dist/tex/generic/pdftexcmds/pdftexcmds.sty
Package: pdftexcmds 2020-06-27 v0.33 Utility functions of pdfTeX for LuaTeX (HO)
(c:/Users/abigail.tyrell/AppData/Roaming/TinyTeX/texmf-dist/tex/generic/infwarerr/infwarerr.sty
Package: infwarerr 2019/12/03 v1.5 Providing info/warning/error messages (HO)
)
Package pdftexcmds Info: \pdf@primitive is available.
Package pdftexcmds Info: \pdf@ifprimitive is available.
Package pdftexcmds Info: \pdfdraftmode found.
)) (c:/Users/abigail.tyrell/AppData/Roaming/TinyTeX/texmf-dist/tex/latex/accsupp/accsupp-pdftex.def
File: accsupp-pdftex.def 2019/12/05 v0.6 accsupp driver for pdfTeX (HO)
)) (c:/Users/abigail.tyrell/AppData/Roaming/TinyTeX/texmf-dist/tex/latex/pdfcomment/pdfcomment.sty
Package: pdfcomment 2018/11/01 pdfcomment.sty v2.4a - Josef Kleber (C) 2008-2012, 2015-2016, 2018
(c:/Users/abigail.tyrell/AppData/Roaming/TinyTeX/texmf-dist/tex/latex/xkeyval/xkeyval.sty
Package: xkeyval 2022/06/16 v2.9 package option processing (HA)
(c:/Users/abigail.tyrell/AppData/Roaming/TinyTeX/texmf-dist/tex/generic/xkeyval/xkeyval.tex (c:/Users/abigail.tyrell/AppData/Roaming/TinyTeX/texmf-dist/tex/generic/xkeyval/xkvutils.tex
\XKV@toks=\toks30
\XKV@tempa@toks=\toks31
)
\XKV@depth=\count313
File: xkeyval.tex 2014/12/03 v2.7a key=value parser (HA)
))
\c@pc@count@i=\count314
\c@pc@count@ii=\count315
\c@pc@count@iii=\count316
\c@pc@count@iv=\count317
\pc@mathannot@box=\box65
\pc@nullbox=\box66
\pc@dima=\skip64
\pc@dimb=\skip65
\pc@Sposx=\skip66
\pc@Sposy=\skip67
\pc@Eposx=\skip68
\pc@Eposy=\skip69
\pc@column=\skip70
\pc@box@width=\skip71
\pc@box@height=\skip72
\pc@box@depth=\skip73
(c:/Users/abigail.tyrell/AppData/Roaming/TinyTeX/texmf-dist/tex/latex/datetime2/datetime2.sty
Package: datetime2 2021/03/21 v1.5.7 (NLCT) date and time formats
(c:/Users/abigail.tyrell/AppData/Roaming/TinyTeX/texmf-dist/tex/latex/tracklang/tracklang.sty
Package: tracklang 2025/03/11 v1.6.6 (NLCT) Track Languages
(c:/Users/abigail.tyrell/AppData/Roaming/TinyTeX/texmf-dist/tex/generic/tracklang/tracklang.tex))) (c:/Users/abigail.tyrell/AppData/Roaming/TinyTeX/texmf-dist/tex/latex/zref/zref-savepos.sty
Package: zref-savepos 2025-06-08 v2.36 Module savepos for zref (HO)
(c:/Users/abigail.tyrell/AppData/Roaming/TinyTeX/texmf-dist/tex/latex/zref/zref-base.sty
Package: zref-base 2025-06-08 v2.36 Module base for zref (HO)
(c:/Users/abigail.tyrell/AppData/Roaming/TinyTeX/texmf-dist/tex/generic/kvdefinekeys/kvdefinekeys.sty
Package: kvdefinekeys 2019-12-19 v1.6 Define keys (HO)
) (c:/Users/abigail.tyrell/AppData/Roaming/TinyTeX/texmf-dist/tex/generic/etexcmds/etexcmds.sty
Package: etexcmds 2019/12/15 v1.7 Avoid name clashes with e-TeX commands (HO)
) (c:/Users/abigail.tyrell/AppData/Roaming/TinyTeX/texmf-dist/tex/latex/auxhook/auxhook.sty
Package: auxhook 2019-12-17 v1.6 Hooks for auxiliary files (HO)
)
Package zref Info: New property list: main on input line 767.
Package zref Info: New property: default on input line 768.
Package zref Info: New property: page on input line 769.
)
Package zref Info: New property list: savepos on input line 56.
Package zref Info: New property: posx on input line 58.
Package zref Info: New property: posy on input line 59.
)
\c@zref@unique=\count318
(c:/Users/abigail.tyrell/AppData/Roaming/TinyTeX/texmf-dist/tex/latex/refcount/refcount.sty
Package: refcount 2019/12/15 v3.6 Data extraction from label references (HO)
) (c:/Users/abigail.tyrell/AppData/Roaming/TinyTeX/texmf-dist/tex/latex/marginnote/marginnote.sty
Package: marginnote 2018/08/09 1.4b non floating margin notes for LaTeX
\c@mn@abspage=\count319
) (c:/Users/abigail.tyrell/AppData/Roaming/TinyTeX/texmf-dist/tex/generic/iftex/ifpdf.sty
Package: ifpdf 2019/10/25 v3.4 ifpdf legacy package. Use iftex instead.
) (c:/Users/abigail.tyrell/AppData/Roaming/TinyTeX/texmf-dist/tex/generic/iftex/ifluatex.sty
Package: ifluatex 2019/10/25 v1.5 ifluatex legacy package. Use iftex instead.
) (c:/Users/abigail.tyrell/AppData/Roaming/TinyTeX/texmf-dist/tex/latex/soulpos/soulpos.sty
Package: soulpos 2021/10/15 v1.2 Fancy underlining
\ulp@subcnt=\count320
\ulp@cnt=\count321
\ulp@out=\write3
\ulp@in=\read2
\ulwidth=\dimen188
) (c:/Users/abigail.tyrell/AppData/Roaming/TinyTeX/texmf-dist/tex/latex/hyperref/hyperref.sty
Package: hyperref 2025-07-12 v7.01o Hypertext links for LaTeX
(c:/Users/abigail.tyrell/AppData/Roaming/TinyTeX/texmf-dist/tex/latex/hycolor/hycolor.sty
Package: hycolor 2020-01-27 v1.10 Color options for hyperref/bookmark (HO)
) (c:/Users/abigail.tyrell/AppData/Roaming/TinyTeX/texmf-dist/tex/latex/hyperref/nameref.sty
Package: nameref 2025-06-21 v2.57 Cross-referencing by name of section
(c:/Users/abigail.tyrell/AppData/Roaming/TinyTeX/texmf-dist/tex/generic/gettitlestring/gettitlestring.sty
Package: gettitlestring 2019/12/15 v1.6 Cleanup title references (HO)
)
\c@section@level=\count322
) (c:/Users/abigail.tyrell/AppData/Roaming/TinyTeX/texmf-dist/tex/generic/stringenc/stringenc.sty
Package: stringenc 2019/11/29 v1.12 Convert strings between diff. encodings (HO)
)
\@linkdim=\dimen189
\Hy@linkcounter=\count323
\Hy@pagecounter=\count324
(c:/Users/abigail.tyrell/AppData/Roaming/TinyTeX/texmf-dist/tex/latex/hyperref/pd1enc.def
File: pd1enc.def 2025-07-12 v7.01o Hyperref: PDFDocEncoding definition (HO)
Now handling font encoding PD1 ...
... no UTF-8 mapping file for font encoding PD1
) (c:/Users/abigail.tyrell/AppData/Roaming/TinyTeX/texmf-dist/tex/generic/intcalc/intcalc.sty
Package: intcalc 2019/12/15 v1.3 Expandable calculations with integers (HO)
)
\Hy@SavedSpaceFactor=\count325
(c:/Users/abigail.tyrell/AppData/Roaming/TinyTeX/texmf-dist/tex/latex/hyperref/puenc.def
File: puenc.def 2025-07-12 v7.01o Hyperref: PDF Unicode definition (HO)
Now handling font encoding PU ...
... no UTF-8 mapping file for font encoding PU
)
Package hyperref Info: Option `unicode' set `true' on input line 4066.
Package hyperref Info: Option `unicode' set `true' on input line 4066.
Package hyperref Info: Hyper figures OFF on input line 4195.
Package hyperref Info: Link nesting OFF on input line 4200.
Package hyperref Info: Hyper index ON on input line 4203.
Package hyperref Info: Plain pages OFF on input line 4210.
Package hyperref Info: Backreferencing OFF on input line 4215.
Package hyperref Info: Implicit mode ON; LaTeX internals redefined.
Package hyperref Info: Bookmarks ON on input line 4462.
\c@Hy@tempcnt=\count326
(c:/Users/abigail.tyrell/AppData/Roaming/TinyTeX/texmf-dist/tex/latex/url/url.sty
\Urlmuskip=\muskip18
Package: url 2013/09/16  ver 3.4  Verb mode for urls, etc.
)
LaTeX Info: Redefining \url on input line 4801.
\XeTeXLinkMargin=\dimen190
(c:/Users/abigail.tyrell/AppData/Roaming/TinyTeX/texmf-dist/tex/generic/bitset/bitset.sty
Package: bitset 2019/12/09 v1.3 Handle bit-vector datatype (HO)
(c:/Users/abigail.tyrell/AppData/Roaming/TinyTeX/texmf-dist/tex/generic/bigintcalc/bigintcalc.sty
Package: bigintcalc 2019/12/15 v1.5 Expandable calculations on big integers (HO)
))
\Fld@menulength=\count327
\Field@Width=\dimen191
\Fld@charsize=\dimen192
Package hyperref Info: Hyper figures OFF on input line 6078.
Package hyperref Info: Link nesting OFF on input line 6083.
Package hyperref Info: Hyper index ON on input line 6086.
Package hyperref Info: backreferencing OFF on input line 6093.
Package hyperref Info: Link coloring OFF on input line 6098.
Package hyperref Info: Link coloring with OCG OFF on input line 6103.
Package hyperref Info: PDF/A mode OFF on input line 6108.
\Hy@abspage=\count328
\c@Item=\count329
\c@Hfootnote=\count330
)
Package hyperref Info: Driver: hpdftex.
(c:/Users/abigail.tyrell/AppData/Roaming/TinyTeX/texmf-dist/tex/latex/hyperref/hpdftex.def
File: hpdftex.def 2025-07-12 v7.01o Hyperref driver for pdfTeX
\Fld@listcount=\count331
\c@bookmark@seq@number=\count332
(c:/Users/abigail.tyrell/AppData/Roaming/TinyTeX/texmf-dist/tex/latex/rerunfilecheck/rerunfilecheck.sty
Package: rerunfilecheck 2025-06-21 v1.11 Rerun checks for auxiliary files (HO)
(c:/Users/abigail.tyrell/AppData/Roaming/TinyTeX/texmf-dist/tex/generic/uniquecounter/uniquecounter.sty
Package: uniquecounter 2019/12/15 v1.4 Provide unlimited unique counter (HO)
)
Package uniquecounter Info: New unique counter `rerunfilecheck' on input line 284.
)
\Hy@SectionHShift=\skip74
)
Package zref Info: New property list: pdfcomment on input line 2735.
Package zref Info: New property: PCPDFOBJID on input line 2736.
) (c:/Users/abigail.tyrell/AppData/Roaming/TinyTeX/texmf-dist/tex/generic/stringenc/se-pdfdoc.def
File: se-pdfdoc.def 2019/11/29 v1.12 stringenc: PDFDocEncoding
) (c:/Users/abigail.tyrell/AppData/Roaming/TinyTeX/texmf-dist/tex/latex/fancyhdr/fancyhdr.sty
Package: fancyhdr 2025/02/07 v5.2 Extensive control of page headers and footers
\f@nch@headwidth=\skip75
\f@nch@offset@elh=\skip76
\f@nch@offset@erh=\skip77
\f@nch@offset@olh=\skip78
\f@nch@offset@orh=\skip79
\f@nch@offset@elf=\skip80
\f@nch@offset@erf=\skip81
\f@nch@offset@olf=\skip82
\f@nch@offset@orf=\skip83
\f@nch@height=\skip84
\f@nch@footalignment=\skip85
\f@nch@widthL=\skip86
\f@nch@widthC=\skip87
\f@nch@widthR=\skip88
\@temptokenb=\toks32
) (c:/Users/abigail.tyrell/AppData/Roaming/TinyTeX/texmf-dist/tex/latex/float/float.sty
Package: float 2001/11/08 v1.3d Float enhancements (AL)
\c@float@type=\count333
\float@exts=\toks33
\float@box=\box67
\@float@everytoks=\toks34
\@floatcapt=\box68
) (c:/Users/abigail.tyrell/AppData/Roaming/TinyTeX/texmf-dist/tex/latex/caption/caption.sty
Package: caption 2023/08/05 v3.6o Customizing captions (AR)
(c:/Users/abigail.tyrell/AppData/Roaming/TinyTeX/texmf-dist/tex/latex/caption/caption3.sty
Package: caption3 2023/07/31 v2.4d caption3 kernel (AR)
\caption@tempdima=\dimen193
\captionmargin=\dimen194
\caption@leftmargin=\dimen195
\caption@rightmargin=\dimen196
\caption@width=\dimen197
\caption@indent=\dimen198
\caption@parindent=\dimen199
\caption@hangindent=\dimen256
Package caption Info: Standard document class detected.
)
\c@caption@flags=\count334
\c@continuedfloat=\count335
Package caption Info: float package is loaded.
Package caption Info: hyperref package is loaded.
Package caption Info: longtable package is loaded.
(c:/Users/abigail.tyrell/AppData/Roaming/TinyTeX/texmf-dist/tex/latex/caption/ltcaption.sty
Package: ltcaption 2021/01/08 v1.4c longtable captions (AR)
)) (c:/Users/abigail.tyrell/AppData/Roaming/TinyTeX/texmf-dist/tex/latex/sectsty/sectsty.sty
Package: sectsty 2002/02/25 v2.0.2 Commands to change all sectional heading styles

LaTeX Warning: Command \underbar  has changed.
               Check if current package is valid.


LaTeX Warning: Command \underline  has changed.
               Check if current package is valid.

) (c:/Users/abigail.tyrell/AppData/Roaming/TinyTeX/texmf-dist/tex/latex/multirow/multirow.sty
Package: multirow 2024/11/12 v2.9 Span multiple rows of a table
\multirow@colwidth=\skip89
\multirow@cntb=\count336
\multirow@dima=\skip90
\bigstrutjot=\dimen257
) (c:/Users/abigail.tyrell/AppData/Roaming/TinyTeX/texmf-dist/tex/latex/tools/multicol.sty
Package: multicol 2025/05/25 v2.0a multicolumn formatting (FMi)
\c@tracingmulticols=\count337
\mult@box=\box69
\multicol@leftmargin=\dimen258
\c@unbalance=\count338
\c@collectmore=\count339
\doublecol@number=\count340
\multicoltolerance=\count341
\multicolpretolerance=\count342
\full@width=\dimen259
\page@free=\dimen260
\premulticols=\dimen261
\postmulticols=\dimen262
\multicolsep=\skip91
\multicolbaselineskip=\skip92
\partial@page=\box70
\last@line=\box71
\mc@boxedresult=\box72
\maxbalancingoverflow=\dimen263
\mult@rightbox=\box73
\mult@grightbox=\box74
\mult@firstbox=\box75
\mult@gfirstbox=\box76
\@tempa=\box77
\@tempa=\box78
\@tempa=\box79
\@tempa=\box80
\@tempa=\box81
\@tempa=\box82
\@tempa=\box83
\@tempa=\box84
\@tempa=\box85
\@tempa=\box86
\@tempa=\box87
\@tempa=\box88
\@tempa=\box89
\@tempa=\box90
\@tempa=\box91
\@tempa=\box92
\@tempa=\box93
\@tempa=\box94
\@tempa=\box95
\@tempa=\box96
\@tempa=\box97
\@tempa=\box98
\@tempa=\box99
\@tempa=\box100
\@tempa=\box101
\@tempa=\box102
\@tempa=\box103
\@tempa=\box104
\@tempa=\box105
\@tempa=\box106
\@tempa=\box107
\@tempa=\box108
\@tempa=\box109
\@tempa=\box110
\@tempa=\box111
\@tempa=\box112
\c@minrows=\count343
\c@columnbadness=\count344
\c@finalcolumnbadness=\count345
\last@try=\dimen264
\multicolovershoot=\dimen265
\multicolundershoot=\dimen266
\mult@nat@firstbox=\box113
\colbreak@box=\box114
\mc@col@check@num=\count346
\g__mc_curr_col_int=\count347
) (c:/Users/abigail.tyrell/AppData/Roaming/TinyTeX/texmf-dist/tex/latex/colortbl/colortbl.sty
Package: colortbl 2024/10/29 v1.0k Color table columns (DPC)
\everycr=\toks35
\minrowclearance=\skip93
\rownum=\count348
) (c:/Users/abigail.tyrell/AppData/Roaming/TinyTeX/texmf-dist/tex/latex/tools/hhline.sty
Package: hhline 2020/01/04 v2.04 Table rule package (DPC)
)
\Oldarrayrulewidth=\skip94
\Oldtabcolsep=\skip95
(c:/Users/abigail.tyrell/AppData/Roaming/TinyTeX/texmf-dist/tex/latex/wrapfig/wrapfig.sty
\wrapoverhang=\dimen267
\WF@size=\dimen268
\c@WF@wrappedlines=\count349
\WF@box=\box115
\WF@everypar=\toks36
Package: wrapfig 2003/01/31  v 3.6
) (c:/Users/abigail.tyrell/AppData/Roaming/TinyTeX/texmf-dist/tex/latex/bookmark/bookmark.sty
Package: bookmark 2023-12-10 v1.31 PDF bookmarks (HO)
(c:/Users/abigail.tyrell/AppData/Roaming/TinyTeX/texmf-dist/tex/latex/bookmark/bkm-pdftex.def
File: bkm-pdftex.def 2023-12-10 v1.31 bookmark driver for pdfTeX and luaTeX (HO)
\BKM@id=\count350
))
Package hyperref Info: Option `colorlinks' set `true' on input line 161.
(c:/Users/abigail.tyrell/AppData/Roaming/TinyTeX/texmf-dist/tex/latex/l3backend/l3backend-pdftex.def
File: l3backend-pdftex.def 2025-06-09 L3 backend support: PDF output (pdfTeX)
\l__color_backend_stack_int=\count351
) (./bothregions.aux

LaTeX Warning: Label `tab:stock-status-table' multiply defined.

)
\openout1 = `bothregions.aux'.

LaTeX Font Info:    Checking defaults for OML/cmm/m/it on input line 166.
LaTeX Font Info:    ... okay on input line 166.
LaTeX Font Info:    Checking defaults for OMS/cmsy/m/n on input line 166.
LaTeX Font Info:    ... okay on input line 166.
LaTeX Font Info:    Checking defaults for OT1/cmr/m/n on input line 166.
LaTeX Font Info:    ... okay on input line 166.
LaTeX Font Info:    Checking defaults for T1/cmr/m/n on input line 166.
LaTeX Font Info:    ... okay on input line 166.
LaTeX Font Info:    Checking defaults for TS1/cmr/m/n on input line 166.
LaTeX Font Info:    ... okay on input line 166.
LaTeX Font Info:    Checking defaults for OMX/cmex/m/n on input line 166.
LaTeX Font Info:    ... okay on input line 166.
LaTeX Font Info:    Checking defaults for U/cmr/m/n on input line 166.
LaTeX Font Info:    ... okay on input line 166.
LaTeX Font Info:    Checking defaults for PD1/pdf/m/n on input line 166.
LaTeX Font Info:    ... okay on input line 166.
LaTeX Font Info:    Checking defaults for PU/pdf/m/n on input line 166.
LaTeX Font Info:    ... okay on input line 166.
LaTeX Info: Redefining \microtypecontext on input line 166.
Package microtype Info: Applying patch `item' on input line 166.
Package microtype Info: Applying patch `toc' on input line 166.
Package microtype Info: Applying patch `eqnum' on input line 166.
Package microtype Info: Applying patch `footnote' on input line 166.
Package microtype Info: Applying patch `verbatim' on input line 166.
LaTeX Info: Redefining \microtypesetup on input line 166.
Package microtype Info: Generating PDF output.
Package microtype Info: Character protrusion enabled (level 2).
Package microtype Info: Using protrusion set `basicmath'.
Package microtype Info: Automatic font expansion enabled (level 2),
(microtype)             stretch: 20, shrink: 20, step: 1, non-selected.
Package microtype Info: Using default expansion set `alltext-nott'.
Package microtype Info: Patching command `\showhyphens'.
Package microtype Info: No adjustment of tracking.
Package microtype Info: No adjustment of interword spacing.
Package microtype Info: No adjustment of character kerning.
(c:/Users/abigail.tyrell/AppData/Roaming/TinyTeX/texmf-dist/tex/latex/microtype/mt-cmr.cfg
File: mt-cmr.cfg 2013/05/19 v2.2 microtype config. file: Computer Modern Roman (RS)
) (c:/Users/abigail.tyrell/AppData/Roaming/TinyTeX/texmf-dist/tex/latex/epstopdf-pkg/epstopdf-base.sty
Package: epstopdf-base 2020-01-24 v2.11 Base part for package epstopdf
Package epstopdf-base Info: Redefining graphics rule for `.eps' on input line 485.
(c:/Users/abigail.tyrell/AppData/Roaming/TinyTeX/texmf-dist/tex/latex/latexconfig/epstopdf-sys.cfg
File: epstopdf-sys.cfg 2010/07/13 v1.3 Configuration of (r)epstopdf for TeX Live
))
*geometry* driver: auto-detecting
*geometry* detected driver: pdftex
*geometry* verbose mode - [ preamble ] result:
* driver: pdftex
* paper: <default>
* layout: <same size as paper>
* layoutoffset:(h,v)=(0.0pt,0.0pt)
* modes: 
* h-part:(L,W,R)=(56.9055pt, 500.484pt, 56.9055pt)
* v-part:(T,H,B)=(56.9055pt, 652.70622pt, 85.35826pt)
* \paperwidth=614.295pt
* \paperheight=794.96999pt
* \textwidth=500.484pt
* \textheight=652.70622pt
* \oddsidemargin=-15.36449pt
* \evensidemargin=-15.36449pt
* \topmargin=-52.36449pt
* \headheight=40.0pt
* \headsep=25.0pt
* \topskip=10.0pt
* \footskip=14.22636pt
* \marginparwidth=65.0pt
* \marginparsep=11.0pt
* \columnsep=10.0pt
* \skip\footins=9.0pt plus 4.0pt minus 2.0pt
* \hoffset=0.0pt
* \voffset=0.0pt
* \mag=1000
* \@twocolumnfalse
* \@twosidefalse
* \@mparswitchfalse
* \@reversemarginfalse
* (1in=72.27pt=25.4mm, 1cm=28.453pt)

Package soulpos Info: Loading soulutf8 on input line 166.
(c:/Users/abigail.tyrell/AppData/Roaming/TinyTeX/texmf-dist/tex/generic/soul/soulutf8.sty
Package: soulutf8 2023-06-14 v3.1 Permit use of UTF-8 characters in soul (HO)

Package soulutf8 Warning: This package is obsolete,
(soulutf8)                use the soul package directly. 
(soulutf8)                 on input line 29.

) (c:/Users/abigail.tyrell/AppData/Roaming/TinyTeX/texmf-dist/tex/generic/soul/soul.sty
Package: soul 2023-06-14 v3.1 Permit use of UTF-8 characters in soul (HO)
(c:/Users/abigail.tyrell/AppData/Roaming/TinyTeX/texmf-dist/tex/generic/soul/soul-ori.sty
Package: soul-ori 2023-06-14 v3.1 letterspacing/underlining (mf)
\SOUL@word=\toks37
\SOUL@lasttoken=\toks38
\SOUL@syllable=\toks39
\SOUL@cmds=\toks40
\SOUL@buffer=\toks41
\SOUL@token=\toks42
\SOUL@syllgoal=\dimen269
\SOUL@syllwidth=\dimen270
\SOUL@charkern=\dimen271
\SOUL@hyphkern=\dimen272
\SOUL@dimen=\dimen273
\SOUL@dimeni=\dimen274
\SOUL@minus=\count352
\SOUL@comma=\count353
\SOUL@apo=\count354
\SOUL@grave=\count355
\SOUL@spaceskip=\skip96
\SOUL@ttwidth=\dimen275
\SOUL@uldp=\dimen276
\SOUL@ulht=\dimen277
))
Package hyperref Info: Link coloring ON on input line 166.
Package caption Info: Begin \AtBeginDocument code.
Package caption Info: wrapfig package is loaded.
Package caption Info: End \AtBeginDocument code.
LaTeX Font Info:    Trying to load font information for T1+lmss on input line 168.
(c:/Users/abigail.tyrell/AppData/Roaming/TinyTeX/texmf-dist/tex/latex/lm/t1lmss.fd
File: t1lmss.fd 2015/05/01 v1.6.1 Font defs for Latin Modern
)
Package microtype Info: Loading generic protrusion settings for font family
(microtype)             `lmss' (encoding: T1).
(microtype)             For optimal results, create family-specific settings.
(microtype)             See the microtype manual for details.

LaTeX Warning: Hyper reference `risks-to-meeting-fishery-management-objectives' on page 4 undefined on input line 179.


LaTeX Warning: Hyper reference `climate-and-ecosystem-change' on page 4 undefined on input line 179.


LaTeX Warning: Hyper reference `other-ocean-uses-offshore-wind' on page 4 undefined on input line 179.


LaTeX Warning: Hyper reference `highlights' on page 4 undefined on input line 179.

LaTeX Font Info:    Trying to load font information for OT1+lmr on input line 183.
(c:/Users/abigail.tyrell/AppData/Roaming/TinyTeX/texmf-dist/tex/latex/lm/ot1lmr.fd
File: ot1lmr.fd 2015/05/01 v1.6.1 Font defs for Latin Modern
)
LaTeX Font Info:    Trying to load font information for OML+lmm on input line 183.
(c:/Users/abigail.tyrell/AppData/Roaming/TinyTeX/texmf-dist/tex/latex/lm/omllmm.fd
File: omllmm.fd 2015/05/01 v1.6.1 Font defs for Latin Modern
)
LaTeX Font Info:    Trying to load font information for OMS+lmsy on input line 183.
(c:/Users/abigail.tyrell/AppData/Roaming/TinyTeX/texmf-dist/tex/latex/lm/omslmsy.fd
File: omslmsy.fd 2015/05/01 v1.6.1 Font defs for Latin Modern
)
LaTeX Font Info:    Trying to load font information for OMX+lmex on input line 183.
(c:/Users/abigail.tyrell/AppData/Roaming/TinyTeX/texmf-dist/tex/latex/lm/omxlmex.fd
File: omxlmex.fd 2015/05/01 v1.6.1 Font defs for Latin Modern
)
LaTeX Font Info:    External font `lmex10' loaded for size
(Font)              <10> on input line 183.
LaTeX Font Info:    External font `lmex10' loaded for size
(Font)              <7> on input line 183.
LaTeX Font Info:    External font `lmex10' loaded for size
(Font)              <5> on input line 183.
LaTeX Font Info:    Trying to load font information for U+msa on input line 183.
(c:/Users/abigail.tyrell/AppData/Roaming/TinyTeX/texmf-dist/tex/latex/amsfonts/umsa.fd
File: umsa.fd 2013/01/14 v3.01 AMS symbols A
) (c:/Users/abigail.tyrell/AppData/Roaming/TinyTeX/texmf-dist/tex/latex/microtype/mt-msa.cfg
File: mt-msa.cfg 2006/02/04 v1.1 microtype config. file: AMS symbols (a) (RS)
)
LaTeX Font Info:    Trying to load font information for U+msb on input line 183.
(c:/Users/abigail.tyrell/AppData/Roaming/TinyTeX/texmf-dist/tex/latex/amsfonts/umsb.fd
File: umsb.fd 2013/01/14 v3.01 AMS symbols B
) (c:/Users/abigail.tyrell/AppData/Roaming/TinyTeX/texmf-dist/tex/latex/microtype/mt-msb.cfg
File: mt-msb.cfg 2005/06/01 v1.0 microtype config. file: AMS symbols (b) (RS)
)
LaTeX Font Info:    External font `lmex10' loaded for size
(Font)              <8> on input line 183.
LaTeX Font Info:    External font `lmex10' loaded for size
(Font)              <6> on input line 183.

LaTeX Warning: Reference `fig:docformat' on page 4 undefined on input line 183.


LaTeX Warning: Reference `tab:species-groupings' on page 4 undefined on input line 183.


LaTeX Warning: Reference `fig:docformat' on page 4 undefined on input line 183.



<images/NOAA_logo.png, id=15, 240.9pt x 240.9pt>
File: images/NOAA_logo.png Graphic file (type png)
<use images/NOAA_logo.png>
Package pdftex.def Info: images/NOAA_logo.png  used on input line 295.
(pdftex.def)             Requested size: 40.0pt x 39.99673pt.
LaTeX Font Info:    Font shape `T1/lmss/m/it' in size <10> not available
(Font)              Font shape `T1/lmss/m/sl' tried instead on input line 295.

Package fancyhdr Warning: \headheight is too small (40.0pt): 
(fancyhdr)                Make it at least 55.59677pt, for example:
(fancyhdr)                \setlength{\headheight}{55.59677pt}.
(fancyhdr)                You might also make \topmargin smaller:
(fancyhdr)                \addtolength{\topmargin}{-15.59677pt}.

[4{c:/Users/abigail.tyrell/AppData/Roaming/TinyTeX/texmf-var/fonts/map/pdftex/updmap/pdftex.map}{c:/Users/abigail.tyrell/AppData/Roaming/TinyTeX/texmf-dist/fonts/enc/dvips/lm/lm-ec.enc}

\openout3 = `bothregions.upa'.

 <./images/NOAA_logo.png>]
Package marginnote Info: Using workaround for absolute page number on input line 295.
<images/MidAtlantic/total_landings_MidAtlantic_2025-09-05.png, id=47, 469.755pt x 289.08pt>
File: images/MidAtlantic/total_landings_MidAtlantic_2025-09-05.png Graphic file (type png)
<use images/MidAtlantic/total_landings_MidAtlantic_2025-09-05.png>
Package pdftex.def Info: images/MidAtlantic/total_landings_MidAtlantic_2025-09-05.png  used on input line 389.
(pdftex.def)             Requested size: 469.75499pt x 289.07928pt.


[5]
<images/MidAtlantic/commercial_landings_MidAtlantic_2025-09-05.png, id=58, 469.755pt x 289.08pt>
File: images/MidAtlantic/commercial_landings_MidAtlantic_2025-09-05.png Graphic file (type png)
<use images/MidAtlantic/commercial_landings_MidAtlantic_2025-09-05.png>
Package pdftex.def Info: images/MidAtlantic/commercial_landings_MidAtlantic_2025-09-05.png  used on input line 400.
(pdftex.def)             Requested size: 469.75499pt x 289.07928pt.


[6 <./images/MidAtlantic/total_landings_MidAtlantic_2025-09-05.png>]
<images/MidAtlantic/climatevul_land_MidAtlantic_2025-09-05.png, id=66, 469.755pt x 289.08pt>
File: images/MidAtlantic/climatevul_land_MidAtlantic_2025-09-05.png Graphic file (type png)
<use images/MidAtlantic/climatevul_land_MidAtlantic_2025-09-05.png>
Package pdftex.def Info: images/MidAtlantic/climatevul_land_MidAtlantic_2025-09-05.png  used on input line 411.
(pdftex.def)             Requested size: 469.75499pt x 289.07928pt.


[7 <./images/MidAtlantic/commercial_landings_MidAtlantic_2025-09-05.png>]
<images/MidAtlantic/rec_landings_MidAtlantic_2025-09-05.png, id=74, 469.755pt x 289.08pt>
File: images/MidAtlantic/rec_landings_MidAtlantic_2025-09-05.png Graphic file (type png)
<use images/MidAtlantic/rec_landings_MidAtlantic_2025-09-05.png>
Package pdftex.def Info: images/MidAtlantic/rec_landings_MidAtlantic_2025-09-05.png  used on input line 422.
(pdftex.def)             Requested size: 469.75499pt x 289.07928pt.


[8 <./images/MidAtlantic/climatevul_land_MidAtlantic_2025-09-05.png>]
<images/MidAtlantic/rec_hms_MidAtlantic_2025-09-05.png, id=82, 469.755pt x 289.08pt>
File: images/MidAtlantic/rec_hms_MidAtlantic_2025-09-05.png Graphic file (type png)
<use images/MidAtlantic/rec_hms_MidAtlantic_2025-09-05.png>
Package pdftex.def Info: images/MidAtlantic/rec_hms_MidAtlantic_2025-09-05.png  used on input line 433.
(pdftex.def)             Requested size: 469.75499pt x 289.07928pt.


[9 <./images/MidAtlantic/rec_landings_MidAtlantic_2025-09-05.png>]
<images/MidAtlantic/stock_status_MidAtlantic_2025-09-05.png, id=92, 469.755pt x 289.08pt>
File: images/MidAtlantic/stock_status_MidAtlantic_2025-09-05.png Graphic file (type png)
<use images/MidAtlantic/stock_status_MidAtlantic_2025-09-05.png>
Package pdftex.def Info: images/MidAtlantic/stock_status_MidAtlantic_2025-09-05.png  used on input line 452.
(pdftex.def)             Requested size: 469.75499pt x 289.07928pt.
LaTeX Font Info:    External font `lmex10' loaded for size
(Font)              <9> on input line 456.


[10 <./images/MidAtlantic/rec_hms_MidAtlantic_2025-09-05.png>]
<images/MidAtlantic/abcacl_stacked_MidAtlantic_2025-09-05.png, id=105, 469.755pt x 289.08pt>
File: images/MidAtlantic/abcacl_stacked_MidAtlantic_2025-09-05.png Graphic file (type png)
<use images/MidAtlantic/abcacl_stacked_MidAtlantic_2025-09-05.png>
Package pdftex.def Info: images/MidAtlantic/abcacl_stacked_MidAtlantic_2025-09-05.png  used on input line 541.
(pdftex.def)             Requested size: 469.75499pt x 289.07928pt.


[11{c:/Users/abigail.tyrell/AppData/Roaming/TinyTeX/texmf-dist/fonts/enc/dvips/lm/lm-mathit.enc} <./images/MidAtlantic/stock_status_MidAtlantic_2025-09-05.png>]
<images/MidAtlantic/abcacl_catch_MidAtlantic_2025-09-05.png, id=114, 469.755pt x 289.08pt>
File: images/MidAtlantic/abcacl_catch_MidAtlantic_2025-09-05.png Graphic file (type png)
<use images/MidAtlantic/abcacl_catch_MidAtlantic_2025-09-05.png>
Package pdftex.def Info: images/MidAtlantic/abcacl_catch_MidAtlantic_2025-09-05.png  used on input line 552.
(pdftex.def)             Requested size: 469.75499pt x 289.07928pt.


[12 <./images/MidAtlantic/abcacl_stacked_MidAtlantic_2025-09-05.png>]

LaTeX Warning: Reference `fig:nefsc-biomass-mab' on page 13 undefined on input line 561.



[13 <./images/MidAtlantic/abcacl_catch_MidAtlantic_2025-09-05.png>]
LaTeX Font Info:    Trying to load font information for TS1+lmr on input line 576.
(c:/Users/abigail.tyrell/AppData/Roaming/TinyTeX/texmf-dist/tex/latex/lm/ts1lmr.fd
File: ts1lmr.fd 2015/05/01 v1.6.1 Font defs for Latin Modern
)

LaTeX Warning: Hyper reference `highlights' on page 14 undefined on input line 576.


LaTeX Warning: Hyper reference `climate-and-ecosystem-change' on page 14 undefined on input line 578.


LaTeX Warning: Hyper reference `stability' on page 14 undefined on input line 580.


LaTeX Warning: Hyper reference `community-social-and-climate-vulnerability' on page 14 undefined on input line 582.

<images/NewEngland/total_landings_NewEngland_2025-09-09.png, id=129, 469.755pt x 289.08pt>
File: images/NewEngland/total_landings_NewEngland_2025-09-09.png Graphic file (type png)
<use images/NewEngland/total_landings_NewEngland_2025-09-09.png>
Package pdftex.def Info: images/NewEngland/total_landings_NewEngland_2025-09-09.png  used on input line 595.
(pdftex.def)             Requested size: 469.75499pt x 289.07928pt.


[14{c:/Users/abigail.tyrell/AppData/Roaming/TinyTeX/texmf-dist/fonts/enc/dvips/lm/lm-ts1.enc} <./images/NewEngland/total_landings_NewEngland_2025-09-09.png>]
<images/NewEngland/commercial_landings_NewEngland_2025-09-09.png, id=142, 469.755pt x 289.08pt>
File: images/NewEngland/commercial_landings_NewEngland_2025-09-09.png Graphic file (type png)
<use images/NewEngland/commercial_landings_NewEngland_2025-09-09.png>
Package pdftex.def Info: images/NewEngland/commercial_landings_NewEngland_2025-09-09.png  used on input line 608.
(pdftex.def)             Requested size: 469.75499pt x 289.07928pt.
<images/NewEngland/climatevul_land_NewEngland_2025-09-09.png, id=145, 469.755pt x 289.08pt>
File: images/NewEngland/climatevul_land_NewEngland_2025-09-09.png Graphic file (type png)
<use images/NewEngland/climatevul_land_NewEngland_2025-09-09.png>
Package pdftex.def Info: images/NewEngland/climatevul_land_NewEngland_2025-09-09.png  used on input line 619.
(pdftex.def)             Requested size: 469.75499pt x 289.07928pt.


[15 <./images/NewEngland/commercial_landings_NewEngland_2025-09-09.png>]
<images/NewEngland/rec_landings_NewEngland_2025-09-09.png, id=156, 469.755pt x 289.08pt>
File: images/NewEngland/rec_landings_NewEngland_2025-09-09.png Graphic file (type png)
<use images/NewEngland/rec_landings_NewEngland_2025-09-09.png>
Package pdftex.def Info: images/NewEngland/rec_landings_NewEngland_2025-09-09.png  used on input line 630.
(pdftex.def)             Requested size: 469.75499pt x 289.07928pt.


[16 <./images/NewEngland/climatevul_land_NewEngland_2025-09-09.png>]
<images/NewEngland/stock_status_NewEngland_2025-09-09.png, id=166, 469.755pt x 289.08pt>
File: images/NewEngland/stock_status_NewEngland_2025-09-09.png Graphic file (type png)
<use images/NewEngland/stock_status_NewEngland_2025-09-09.png>
Package pdftex.def Info: images/NewEngland/stock_status_NewEngland_2025-09-09.png  used on input line 647.
(pdftex.def)             Requested size: 469.75499pt x 289.07928pt.


[17 <./images/NewEngland/rec_landings_NewEngland_2025-09-09.png>] [18 <./images/NewEngland/stock_status_NewEngland_2025-09-09.png>]

LaTeX Warning: Reference `fig:nefsc-biomass-gb' on page 19 undefined on input line 824.


LaTeX Warning: Reference `fig:nefsc-biomass-gom' on page 19 undefined on input line 824.


LaTeX Warning: Reference `fig:mass-biomass' on page 19 undefined on input line 824.


LaTeX Warning: Hyper reference `highlights' on page 19 undefined on input line 837.


LaTeX Warning: Reference `fig:species-dist' on page 19 undefined on input line 839.


LaTeX Warning: Hyper reference `climate-risks' on page 19 undefined on input line 839.


LaTeX Warning: Hyper reference `stability' on page 19 undefined on input line 841.


LaTeX Warning: Hyper reference `social-vulnerability' on page 19 undefined on input line 843.



[19]
<images/MidAtlantic/comm_revenue_MidAtlantic_2025-09-05.png, id=192, 469.755pt x 289.08pt>
File: images/MidAtlantic/comm_revenue_MidAtlantic_2025-09-05.png Graphic file (type png)
<use images/MidAtlantic/comm_revenue_MidAtlantic_2025-09-05.png>
Package pdftex.def Info: images/MidAtlantic/comm_revenue_MidAtlantic_2025-09-05.png  used on input line 860.
(pdftex.def)             Requested size: 469.75499pt x 289.07928pt.
<images/MidAtlantic/bennet_MidAtlantic_2025-09-05.png, id=196, 469.755pt x 289.08pt>
File: images/MidAtlantic/bennet_MidAtlantic_2025-09-05.png Graphic file (type png)
<use images/MidAtlantic/bennet_MidAtlantic_2025-09-05.png>
Package pdftex.def Info: images/MidAtlantic/bennet_MidAtlantic_2025-09-05.png  used on input line 873.
(pdftex.def)             Requested size: 469.75499pt x 289.07928pt.


[20 <./images/MidAtlantic/comm_revenue_MidAtlantic_2025-09-05.png>]
<images/MidAtlantic/bennet_all_MidAtlantic_2025-09-05.png, id=208, 469.755pt x 289.08pt>
File: images/MidAtlantic/bennet_all_MidAtlantic_2025-09-05.png Graphic file (type png)
<use images/MidAtlantic/bennet_all_MidAtlantic_2025-09-05.png>
Package pdftex.def Info: images/MidAtlantic/bennet_all_MidAtlantic_2025-09-05.png  used on input line 882.
(pdftex.def)             Requested size: 469.75499pt x 289.07928pt.


[21 <./images/MidAtlantic/bennet_MidAtlantic_2025-09-05.png>]
<images/MidAtlantic/climatevul_rev_MidAtlantic_2025-09-05.png, id=215, 469.755pt x 289.08pt>
File: images/MidAtlantic/climatevul_rev_MidAtlantic_2025-09-05.png Graphic file (type png)
<use images/MidAtlantic/climatevul_rev_MidAtlantic_2025-09-05.png>
Package pdftex.def Info: images/MidAtlantic/climatevul_rev_MidAtlantic_2025-09-05.png  used on input line 893.
(pdftex.def)             Requested size: 469.75499pt x 289.07928pt.


[22 <./images/MidAtlantic/bennet_all_MidAtlantic_2025-09-05.png>]
<images/NewEngland/comm_revenue_NewEngland_2025-09-09.png, id=226, 469.755pt x 289.08pt>
File: images/NewEngland/comm_revenue_NewEngland_2025-09-09.png Graphic file (type png)
<use images/NewEngland/comm_revenue_NewEngland_2025-09-09.png>
Package pdftex.def Info: images/NewEngland/comm_revenue_NewEngland_2025-09-09.png  used on input line 922.
(pdftex.def)             Requested size: 469.75499pt x 289.07928pt.


[23 <./images/MidAtlantic/climatevul_rev_MidAtlantic_2025-09-05.png>]
<images/NewEngland/bennet_NewEngland_2025-09-09.png, id=238, 469.755pt x 289.08pt>
File: images/NewEngland/bennet_NewEngland_2025-09-09.png Graphic file (type png)
<use images/NewEngland/bennet_NewEngland_2025-09-09.png>
Package pdftex.def Info: images/NewEngland/bennet_NewEngland_2025-09-09.png  used on input line 935.
(pdftex.def)             Requested size: 469.75499pt x 289.07928pt.


[24 <./images/NewEngland/comm_revenue_NewEngland_2025-09-09.png>]
<images/NewEngland/bennet_all_NewEngland_2025-09-09.png, id=244, 469.755pt x 289.08pt>
File: images/NewEngland/bennet_all_NewEngland_2025-09-09.png Graphic file (type png)
<use images/NewEngland/bennet_all_NewEngland_2025-09-09.png>
Package pdftex.def Info: images/NewEngland/bennet_all_NewEngland_2025-09-09.png  used on input line 944.
(pdftex.def)             Requested size: 469.75499pt x 289.07928pt.


[25 <./images/NewEngland/bennet_NewEngland_2025-09-09.png>]
<images/NewEngland/climatevul_rev_NewEngland_2025-09-09.png, id=252, 469.755pt x 289.08pt>
File: images/NewEngland/climatevul_rev_NewEngland_2025-09-09.png Graphic file (type png)
<use images/NewEngland/climatevul_rev_NewEngland_2025-09-09.png>
Package pdftex.def Info: images/NewEngland/climatevul_rev_NewEngland_2025-09-09.png  used on input line 955.
(pdftex.def)             Requested size: 469.75499pt x 289.07928pt.


[26 <./images/NewEngland/bennet_all_NewEngland_2025-09-09.png>]

[27 <./images/NewEngland/climatevul_rev_NewEngland_2025-09-09.png>] (./bothregions.aux * soulpos - computing points - it may take a few seconds *
\openout3 = `bothregions.upb'.

(./bothregions.upa))
 ***********
LaTeX2e <2025-06-01> patch level 1
L3 programming layer <2025-08-13>
 ***********

LaTeX Warning: There were undefined references.


LaTeX Warning: There were multiply-defined labels.

 ) 
Here is how much of TeX's memory you used:
 21825 strings out of 469720
 402964 string characters out of 5477478
 873193 words of memory out of 5000000
 49593 multiletter control sequences out of 15000+600000
 716862 words of font info for 195 fonts, out of 8000000 for 9000
 36 hyphenation exceptions out of 8191
 77i,15n,117p,1269b,633s stack positions out of 10000i,1000n,20000p,200000b,200000s
<c:/Users/abigail.tyrell/AppData/Roaming/TinyTeX/texmf-dist/fonts/type1/public/lm/lmbx10.pfb><c:/Users/abigail.tyrell/AppData/Roaming/TinyTeX/texmf-dist/fonts/type1/public/lm/lmbx9.pfb><c:/Users/abigail.tyrell/AppData/Roaming/TinyTeX/texmf-dist/fonts/type1/public/lm/lmmi6.pfb><c:/Users/abigail.tyrell/AppData/Roaming/TinyTeX/texmf-dist/fonts/type1/public/lm/lmmi9.pfb><c:/Users/abigail.tyrell/AppData/Roaming/TinyTeX/texmf-dist/fonts/type1/public/lm/lmr10.pfb><c:/Users/abigail.tyrell/AppData/Roaming/TinyTeX/texmf-dist/fonts/type1/public/lm/lmr6.pfb><c:/Users/abigail.tyrell/AppData/Roaming/TinyTeX/texmf-dist/fonts/type1/public/lm/lmr7.pfb><c:/Users/abigail.tyrell/AppData/Roaming/TinyTeX/texmf-dist/fonts/type1/public/lm/lmr8.pfb><c:/Users/abigail.tyrell/AppData/Roaming/TinyTeX/texmf-dist/fonts/type1/public/lm/lmr9.pfb><c:/Users/abigail.tyrell/AppData/Roaming/TinyTeX/texmf-dist/fonts/type1/public/lm/lmss17.pfb><c:/Users/abigail.tyrell/AppData/Roaming/TinyTeX/texmf-dist/fonts/type1/public/lm/lmssbx10.pfb><c:/Users/abigail.tyrell/AppData/Roaming/TinyTeX/texmf-dist/fonts/type1/public/lm/lmsso10.pfb>
Output written on bothregions.pdf (24 pages, 2882992 bytes).
PDF statistics:
 417 PDF objects out of 1000 (max. 8388607)
 338 compressed objects within 4 object streams
 85 named destinations out of 1000 (max. 500000)
 53551 words of extra memory for PDF output out of 61914 (max. 10000000)

